<?xml version="1.0" encoding="UTF-8"?>
<robot generator="Robot 6.0.2 (Python 3.11.3 on darwin)" generated="20230612 00:17:35.198" rpa="false" schemaversion="3">
<suite id="s1" name="Fidelidade Testes" source="/Users/josephsantos/Desktop/projetos/fidelidade/pages/fidelidade_testes.robot">
<test id="s1-t1" name="Caso de Teste 01 - Acesso ao menu &quot;Particulares&quot;" line="9">
<kw name="Abrir o navegador" library="fidelidade_resources" type="SETUP">
<kw name="Open Browser" library="SeleniumLibrary">
<arg>browser=${BROWSER}</arg>
<doc>Opens a new browser instance to the optional ``url``.</doc>
<msg timestamp="20230612 00:17:35.454" level="INFO">Opening browser 'chrome' to base url 'None'.</msg>
<msg timestamp="20230612 00:17:35.454" level="INFO">Applicable driver not found; attempting to install with Selenium Manager (Beta)</msg>
<status status="PASS" starttime="20230612 00:17:35.454" endtime="20230612 00:17:36.784"/>
</kw>
<kw name="Maximize Browser Window" library="SeleniumLibrary">
<doc>Maximizes current browser window.</doc>
<status status="PASS" starttime="20230612 00:17:36.784" endtime="20230612 00:17:37.209"/>
</kw>
<status status="PASS" starttime="20230612 00:17:35.454" endtime="20230612 00:17:37.209"/>
</kw>
<kw name="Acessar a home page do site Fidelidade.com.br" library="fidelidade_resources">
<kw name="Go To" library="SeleniumLibrary">
<arg>url=${URL}</arg>
<doc>Navigates the current browser window to the provided ``url``.</doc>
<msg timestamp="20230612 00:17:37.210" level="INFO">Opening url 'https://www.fidelidade.pt/'</msg>
<status status="PASS" starttime="20230612 00:17:37.210" endtime="20230612 00:17:38.681"/>
</kw>
<kw name="Click Element" library="SeleniumLibrary">
<arg>locator=${COOKIES_PRIVACIDADE}</arg>
<doc>Click the element identified by ``locator``.</doc>
<msg timestamp="20230612 00:17:38.682" level="INFO">Clicking element '//button[contains(.,'Aceitar Todos')]'.</msg>
<status status="PASS" starttime="20230612 00:17:38.681" endtime="20230612 00:17:38.717"/>
</kw>
<kw name="Wait Until Element Is Visible" library="SeleniumLibrary">
<arg>locator=${MENU_PARTICULARES}</arg>
<doc>Waits until the element ``locator`` is visible.</doc>
<status status="PASS" starttime="20230612 00:17:38.717" endtime="20230612 00:17:38.947"/>
</kw>
<kw name="Capture Page Screenshot" library="SeleniumLibrary">
<arg>Fidelidade-com-br.png</arg>
<doc>Takes a screenshot of the current page and embeds it into a log file.</doc>
<msg timestamp="20230612 00:17:39.843" level="INFO" html="true">&lt;/td&gt;&lt;/tr&gt;&lt;tr&gt;&lt;td colspan="3"&gt;&lt;a href="Fidelidade-com-br.png"&gt;&lt;img src="Fidelidade-com-br.png" width="800px"&gt;&lt;/a&gt;</msg>
<status status="PASS" starttime="20230612 00:17:38.948" endtime="20230612 00:17:39.843"/>
</kw>
<status status="PASS" starttime="20230612 00:17:37.209" endtime="20230612 00:17:39.843"/>
</kw>
<kw name="Verificar se o título da página fica &quot;Fidelidade | Nº 1 em Seguros Automóvel, Saúde, Casa e Viagem&quot;" library="fidelidade_resources" sourcename="Verificar se o título da página fica &quot;${TITULO}&quot;">
<kw name="Title Should Be" library="SeleniumLibrary">
<arg>title=${TITULO}</arg>
<doc>Verifies that the current page title equals ``title``.</doc>
<msg timestamp="20230612 00:17:39.846" level="INFO">Page title is 'Fidelidade | Nº 1 em Seguros Automóvel, Saúde, Casa e Viagem'.</msg>
<status status="PASS" starttime="20230612 00:17:39.844" endtime="20230612 00:17:39.846"/>
</kw>
<kw name="Capture Page Screenshot" library="SeleniumLibrary">
<arg>title.png</arg>
<doc>Takes a screenshot of the current page and embeds it into a log file.</doc>
<msg timestamp="20230612 00:17:40.767" level="INFO" html="true">&lt;/td&gt;&lt;/tr&gt;&lt;tr&gt;&lt;td colspan="3"&gt;&lt;a href="title.png"&gt;&lt;img src="title.png" width="800px"&gt;&lt;/a&gt;</msg>
<status status="PASS" starttime="20230612 00:17:39.846" endtime="20230612 00:17:40.767"/>
</kw>
<status status="PASS" starttime="20230612 00:17:39.844" endtime="20230612 00:17:40.767"/>
</kw>
<kw name="Entrar no menu &quot;Particulares&quot;" library="fidelidade_resources">
<kw name="Click Element" library="SeleniumLibrary">
<arg>locator=${MENU_PARTICULARES}</arg>
<doc>Click the element identified by ``locator``.</doc>
<msg timestamp="20230612 00:17:40.767" level="INFO">Clicking element '//*[@id="header"]/div[1]/div[2]/div/div[1]/nav/a[1]'.</msg>
<status status="PASS" starttime="20230612 00:17:40.767" endtime="20230612 00:17:42.001"/>
</kw>
<kw name="Capture Page Screenshot" library="SeleniumLibrary">
<arg>menu_particulares.png</arg>
<doc>Takes a screenshot of the current page and embeds it into a log file.</doc>
<msg timestamp="20230612 00:17:42.834" level="INFO" html="true">&lt;/td&gt;&lt;/tr&gt;&lt;tr&gt;&lt;td colspan="3"&gt;&lt;a href="menu_particulares.png"&gt;&lt;img src="menu_particulares.png" width="800px"&gt;&lt;/a&gt;</msg>
<status status="PASS" starttime="20230612 00:17:42.001" endtime="20230612 00:17:42.834"/>
</kw>
<status status="PASS" starttime="20230612 00:17:40.767" endtime="20230612 00:17:42.834"/>
</kw>
<kw name="Entrar no menu &quot;Auto&quot;" library="fidelidade_resources">
<kw name="Mouse Over" library="SeleniumLibrary">
<arg>css=a.header</arg>
<doc>Simulates hovering the mouse over the element ``locator``.</doc>
<msg timestamp="20230612 00:17:42.834" level="INFO">Simulating Mouse Over on element 'css=a.header'.</msg>
<status status="PASS" starttime="20230612 00:17:42.834" endtime="20230612 00:17:43.127"/>
</kw>
<kw name="Capture Page Screenshot" library="SeleniumLibrary">
<arg>auto.png</arg>
<doc>Takes a screenshot of the current page and embeds it into a log file.</doc>
<msg timestamp="20230612 00:17:43.517" level="INFO" html="true">&lt;/td&gt;&lt;/tr&gt;&lt;tr&gt;&lt;td colspan="3"&gt;&lt;a href="auto.png"&gt;&lt;img src="auto.png" width="800px"&gt;&lt;/a&gt;</msg>
<status status="PASS" starttime="20230612 00:17:43.127" endtime="20230612 00:17:43.517"/>
</kw>
<status status="PASS" starttime="20230612 00:17:42.834" endtime="20230612 00:17:43.517"/>
</kw>
<kw name="Entrar no submenu &quot;Auto1|2|3|4&quot;" library="fidelidade_resources">
<kw name="Click Link" library="SeleniumLibrary">
<arg>link=Auto 1|2|3|4</arg>
<doc>Clicks a link identified by ``locator``.</doc>
<msg timestamp="20230612 00:17:43.518" level="INFO">Clicking link 'link=Auto 1|2|3|4'.</msg>
<status status="PASS" starttime="20230612 00:17:43.518" endtime="20230612 00:17:44.136"/>
</kw>
<kw name="Capture Page Screenshot" library="SeleniumLibrary">
<arg>auto1234.png</arg>
<doc>Takes a screenshot of the current page and embeds it into a log file.</doc>
<msg timestamp="20230612 00:17:44.665" level="INFO" html="true">&lt;/td&gt;&lt;/tr&gt;&lt;tr&gt;&lt;td colspan="3"&gt;&lt;a href="auto1234.png"&gt;&lt;img src="auto1234.png" width="800px"&gt;&lt;/a&gt;</msg>
<status status="PASS" starttime="20230612 00:17:44.136" endtime="20230612 00:17:44.665"/>
</kw>
<status status="PASS" starttime="20230612 00:17:43.518" endtime="20230612 00:17:44.665"/>
</kw>
<kw name="Clicar no botão &quot;Quero Simular&quot;" library="fidelidade_resources">
<kw name="Click Element" library="SeleniumLibrary">
<arg>id=${BUTTON_QUERO_SIMULAR}</arg>
<doc>Click the element identified by ``locator``.</doc>
<msg timestamp="20230612 00:17:44.666" level="INFO">Clicking element 'id=ctl00_PlaceHolderMain_EditModePanel2_ProductDescription_lnkSimulateLink'.</msg>
<status status="PASS" starttime="20230612 00:17:44.665" endtime="20230612 00:17:45.567"/>
</kw>
<kw name="Capture Page Screenshot" library="SeleniumLibrary">
<arg>quero-simular.png</arg>
<doc>Takes a screenshot of the current page and embeds it into a log file.</doc>
<msg timestamp="20230612 00:17:45.790" level="INFO" html="true">&lt;/td&gt;&lt;/tr&gt;&lt;tr&gt;&lt;td colspan="3"&gt;&lt;a href="quero-simular.png"&gt;&lt;img src="quero-simular.png" width="800px"&gt;&lt;/a&gt;</msg>
<status status="PASS" starttime="20230612 00:17:45.567" endtime="20230612 00:17:45.790"/>
</kw>
<status status="PASS" starttime="20230612 00:17:44.665" endtime="20230612 00:17:45.790"/>
</kw>
<kw name="Entrar com o número da &quot;${MATRICULA}&quot; matricula" library="fidelidade_resources" sourcename="Entrar com o número da &quot;${MATRICULA}&quot; matricula">
<kw name="Select Frame" library="SeleniumLibrary">
<arg>//iframe[contains(@title,'Simulator')]</arg>
<doc>Sets frame identified by ``locator`` as the current frame.</doc>
<msg timestamp="20230612 00:17:45.790" level="INFO">Selecting frame '//iframe[contains(@title,'Simulator')]'.</msg>
<status status="PASS" starttime="20230612 00:17:45.790" endtime="20230612 00:17:45.805"/>
</kw>
<kw name="Input Text" library="SeleniumLibrary">
<arg>xpath=//input[@name='CFID_B2C_SIM_Th_SIMAUTO_wt60$block$wtMainContent$CFID_B2C_SIM_Pat_SIMAUTO_wtCustomCard$block$wtCustomCardContent$CFID_B2C_SIM_Pat_SIMAUTO_wt9$block$wtContent$Sim_Auto_Web_Pat_wtLicensePlateBlock$block$wtInputPlaceholder$wttxtRegNumber'][contains(@id,'wttxtRegNumber')]</arg>
<arg>text=${MATRICULA}</arg>
<doc>Types the given ``text`` into the text field identified by ``locator``.</doc>
<msg timestamp="20230612 00:17:45.805" level="INFO">Typing text 'AA16AA' into text field 'xpath=//input[@name='CFID_B2C_SIM_Th_SIMAUTO_wt60$block$wtMainContent$CFID_B2C_SIM_Pat_SIMAUTO_wtCustomCard$block$wtCustomCardContent$CFID_B2C_SIM_Pat_SIMAUTO_wt9$block$wtContent$Sim_Auto_Web_Pat_wtLicensePlateBlock$block$wtInputPlaceholder$wttxtRegNumber'][contains(@id,'wttxtRegNumber')]'.</msg>
<status status="PASS" starttime="20230612 00:17:45.805" endtime="20230612 00:17:45.909"/>
</kw>
<kw name="Capture Page Screenshot" library="SeleniumLibrary">
<arg>matricula.png</arg>
<doc>Takes a screenshot of the current page and embeds it into a log file.</doc>
<msg timestamp="20230612 00:17:46.116" level="INFO" html="true">&lt;/td&gt;&lt;/tr&gt;&lt;tr&gt;&lt;td colspan="3"&gt;&lt;a href="matricula.png"&gt;&lt;img src="matricula.png" width="800px"&gt;&lt;/a&gt;</msg>
<status status="PASS" starttime="20230612 00:17:45.909" endtime="20230612 00:17:46.116"/>
</kw>
<kw name="Sleep" library="BuiltIn">
<arg>3s</arg>
<doc>Pauses the test executed for the given time.</doc>
<msg timestamp="20230612 00:17:49.116" level="INFO">Slept 3 seconds</msg>
<status status="PASS" starttime="20230612 00:17:46.116" endtime="20230612 00:17:49.116"/>
</kw>
<kw name="Click Element" library="SeleniumLibrary">
<arg>xpath=//input[@type='submit'][contains(@id,'wtbtnNext')]</arg>
<doc>Click the element identified by ``locator``.</doc>
<msg timestamp="20230612 00:17:49.117" level="INFO">Clicking element 'xpath=//input[@type='submit'][contains(@id,'wtbtnNext')]'.</msg>
<status status="PASS" starttime="20230612 00:17:49.116" endtime="20230612 00:17:49.173"/>
</kw>
<status status="PASS" starttime="20230612 00:17:45.790" endtime="20230612 00:17:49.173"/>
</kw>
<kw name="Clicar na opção &quot;FAÇA UMA SIMULAÇÃO MAIS PERSONALIZADA&quot;" library="fidelidade_resources">
<kw name="Sleep" library="BuiltIn">
<arg>1s</arg>
<doc>Pauses the test executed for the given time.</doc>
<msg timestamp="20230612 00:17:50.176" level="INFO">Slept 1 second</msg>
<status status="PASS" starttime="20230612 00:17:49.174" endtime="20230612 00:17:50.177"/>
</kw>
<kw name="Wait Until Page Contains" library="SeleniumLibrary">
<arg>text=Este é um exemplo de pré-simulação para o veículo TESLA Model 3</arg>
<doc>Waits until ``text`` appears on the current page.</doc>
<status status="PASS" starttime="20230612 00:17:50.177" endtime="20230612 00:17:51.867"/>
</kw>
<kw name="Click Element" library="SeleniumLibrary">
<arg>xpath=//input[@type='submit'][contains(@id,'wt27')]</arg>
<doc>Click the element identified by ``locator``.</doc>
<msg timestamp="20230612 00:17:51.868" level="INFO">Clicking element 'xpath=//input[@type='submit'][contains(@id,'wt27')]'.</msg>
<status status="PASS" starttime="20230612 00:17:51.868" endtime="20230612 00:17:52.495"/>
</kw>
<kw name="Capture Page Screenshot" library="SeleniumLibrary">
<arg>faca-simulacao-mais-personalizada.png</arg>
<doc>Takes a screenshot of the current page and embeds it into a log file.</doc>
<msg timestamp="20230612 00:17:52.702" level="INFO" html="true">&lt;/td&gt;&lt;/tr&gt;&lt;tr&gt;&lt;td colspan="3"&gt;&lt;a href="faca-simulacao-mais-personalizada.png"&gt;&lt;img src="faca-simulacao-mais-personalizada.png" width="800px"&gt;&lt;/a&gt;</msg>
<status status="PASS" starttime="20230612 00:17:52.495" endtime="20230612 00:17:52.702"/>
</kw>
<kw name="Sleep" library="BuiltIn">
<arg>1s</arg>
<doc>Pauses the test executed for the given time.</doc>
<msg timestamp="20230612 00:17:53.703" level="INFO">Slept 1 second</msg>
<status status="PASS" starttime="20230612 00:17:52.702" endtime="20230612 00:17:53.704"/>
</kw>
<status status="PASS" starttime="20230612 00:17:49.173" endtime="20230612 00:17:53.704"/>
</kw>
<kw name="First Name" library="FakerLibrary">
<var>${NOME}</var>
<msg timestamp="20230612 00:17:53.706" level="INFO">${NOME} = Wilson</msg>
<status status="PASS" starttime="20230612 00:17:53.705" endtime="20230612 00:17:53.706"/>
</kw>
<kw name="Last Name" library="FakerLibrary">
<var>${SOBRENOME}</var>
<msg timestamp="20230612 00:17:53.707" level="INFO">${SOBRENOME} = Nogueira</msg>
<status status="PASS" starttime="20230612 00:17:53.706" endtime="20230612 00:17:53.707"/>
</kw>
<kw name="Entrar com o NOME &quot;${NOME}&quot;" library="fidelidade_resources" sourcename="Entrar com o NOME &quot;${NOME}&quot;">
<kw name="Sleep" library="BuiltIn">
<arg>5s</arg>
<doc>Pauses the test executed for the given time.</doc>
<msg timestamp="20230612 00:17:58.709" level="INFO">Slept 5 seconds</msg>
<status status="PASS" starttime="20230612 00:17:53.708" endtime="20230612 00:17:58.709"/>
</kw>
<kw name="First Name" library="FakerLibrary">
<var>${NOME}</var>
<msg timestamp="20230612 00:17:58.709" level="INFO">${NOME} = Enzo</msg>
<status status="PASS" starttime="20230612 00:17:58.709" endtime="20230612 00:17:58.709"/>
</kw>
<kw name="Last Name" library="FakerLibrary">
<var>${SOBRENOME}</var>
<msg timestamp="20230612 00:17:58.709" level="INFO">${SOBRENOME} = Fernandes</msg>
<status status="PASS" starttime="20230612 00:17:58.709" endtime="20230612 00:17:58.709"/>
</kw>
<kw name="Input Text" library="SeleniumLibrary">
<arg>xpath=//input[@name='CFID_B2C_SIM_Th_SIMAUTO_wt22$block$wtMainContent$CFID_B2C_SIM_Pat_SIMAUTO_wt92$block$wtCustomCardContent$CFID_B2C_SIM_Pat_SIMAUTO_wt25$block$wtContent$CFID_B2C_SIM_Pat_SIMAUTO_wtfieldName$block$wtInput$CFID_B2C_SIM_Pat_SIMAUTO_wtnameStatus$block$wtInput$wttxtName'][contains(@id,'wttxtName')]</arg>
<arg>text=${NOME} ${SOBRENOME}</arg>
<doc>Types the given ``text`` into the text field identified by ``locator``.</doc>
<msg timestamp="20230612 00:17:58.710" level="INFO">Typing text 'Enzo Fernandes' into text field 'xpath=//input[@name='CFID_B2C_SIM_Th_SIMAUTO_wt22$block$wtMainContent$CFID_B2C_SIM_Pat_SIMAUTO_wt92$block$wtCustomCardContent$CFID_B2C_SIM_Pat_SIMAUTO_wt25$block$wtContent$CFID_B2C_SIM_Pat_SIMAUTO_wtfieldName$block$wtInput$CFID_B2C_SIM_Pat_SIMAUTO_wtnameStatus$block$wtInput$wttxtName'][contains(@id,'wttxtName')]'.</msg>
<status status="PASS" starttime="20230612 00:17:58.709" endtime="20230612 00:17:58.756"/>
</kw>
<kw name="Capture Page Screenshot" library="SeleniumLibrary">
<arg>name.png</arg>
<doc>Takes a screenshot of the current page and embeds it into a log file.</doc>
<msg timestamp="20230612 00:17:58.942" level="INFO" html="true">&lt;/td&gt;&lt;/tr&gt;&lt;tr&gt;&lt;td colspan="3"&gt;&lt;a href="name.png"&gt;&lt;img src="name.png" width="800px"&gt;&lt;/a&gt;</msg>
<status status="PASS" starttime="20230612 00:17:58.756" endtime="20230612 00:17:58.942"/>
</kw>
<kw name="Sleep" library="BuiltIn">
<arg>3s</arg>
<doc>Pauses the test executed for the given time.</doc>
<msg timestamp="20230612 00:18:01.943" level="INFO">Slept 3 seconds</msg>
<status status="PASS" starttime="20230612 00:17:58.942" endtime="20230612 00:18:01.943"/>
</kw>
<status status="PASS" starttime="20230612 00:17:53.707" endtime="20230612 00:18:01.943"/>
</kw>
<kw name="Gerar NIF Válido" library="fidelidade_resources">
<var>${NIF}</var>
<kw name="Numerify" library="FakerLibrary">
<var>${digits}</var>
<arg>'########'</arg>
<doc>Generate a string with each placeholder in ``text`` replaced according
to the following rules:</doc>
<msg timestamp="20230612 00:18:01.946" level="INFO">${digits} = 33655152</msg>
<status status="PASS" starttime="20230612 00:18:01.944" endtime="20230612 00:18:01.946"/>
</kw>
<kw name="Gerar Dígito de Verificação" library="fidelidade_resources">
<var>${check_digit}</var>
<arg>${digits}</arg>
<kw name="Create List" library="BuiltIn">
<var>${weights}</var>
<arg>9</arg>
<arg>8</arg>
<arg>7</arg>
<arg>6</arg>
<arg>5</arg>
<arg>4</arg>
<arg>3</arg>
<arg>2</arg>
<doc>Returns a list containing given items.</doc>
<msg timestamp="20230612 00:18:01.947" level="INFO">${weights} = ['9', '8', '7', '6', '5', '4', '3', '2']</msg>
<status status="PASS" starttime="20230612 00:18:01.947" endtime="20230612 00:18:01.947"/>
</kw>
<kw name="Evaluate" library="BuiltIn">
<var>${sum}</var>
<arg>sum(int(d) * int(w) for d, w in zip(str(${digits}), ${weights}))</arg>
<doc>Evaluates the given expression in Python and returns the result.</doc>
<msg timestamp="20230612 00:18:01.947" level="INFO">${sum} = 171</msg>
<status status="PASS" starttime="20230612 00:18:01.947" endtime="20230612 00:18:01.948"/>
</kw>
<kw name="Evaluate" library="BuiltIn">
<var>${remainder}</var>
<arg>${sum} % 11</arg>
<doc>Evaluates the given expression in Python and returns the result.</doc>
<msg timestamp="20230612 00:18:01.948" level="INFO">${remainder} = 6</msg>
<status status="PASS" starttime="20230612 00:18:01.948" endtime="20230612 00:18:01.948"/>
</kw>
<kw name="Evaluate" library="BuiltIn">
<var>${check_digit}</var>
<arg>0 if ${remainder} &lt; 2 else 11 - ${remainder}</arg>
<doc>Evaluates the given expression in Python and returns the result.</doc>
<msg timestamp="20230612 00:18:01.949" level="INFO">${check_digit} = 5</msg>
<status status="PASS" starttime="20230612 00:18:01.948" endtime="20230612 00:18:01.949"/>
</kw>
<msg timestamp="20230612 00:18:01.949" level="INFO">${check_digit} = 5</msg>
<status status="PASS" starttime="20230612 00:18:01.946" endtime="20230612 00:18:01.949"/>
</kw>
<kw name="Catenate" library="BuiltIn">
<var>${nif}</var>
<arg>SEPARATOR=</arg>
<arg>${digits}</arg>
<arg>${check_digit}</arg>
<doc>Catenates the given items together and returns the resulted string.</doc>
<msg timestamp="20230612 00:18:01.949" level="INFO">${nif} = 336551525</msg>
<status status="PASS" starttime="20230612 00:18:01.949" endtime="20230612 00:18:01.949"/>
</kw>
<msg timestamp="20230612 00:18:01.949" level="INFO">${NIF} = 336551525</msg>
<status status="PASS" starttime="20230612 00:18:01.944" endtime="20230612 00:18:01.949"/>
</kw>
<kw name="Log" library="BuiltIn">
<arg>Número de Identificação Fiscal gerado: ${NIF}</arg>
<doc>Logs the given message with the given level.</doc>
<msg timestamp="20230612 00:18:01.950" level="INFO">Número de Identificação Fiscal gerado: 336551525</msg>
<status status="PASS" starttime="20230612 00:18:01.950" endtime="20230612 00:18:01.950"/>
</kw>
<kw name="Preencher Dados" library="fidelidade_resources">
<arg>${NIF}</arg>
<kw name="Input Text" library="SeleniumLibrary">
<arg>xpath=//input[@name='CFID_B2C_SIM_Th_SIMAUTO_wt22$block$wtMainContent$CFID_B2C_SIM_Pat_SIMAUTO_wt92$block$wtCustomCardContent$CFID_B2C_SIM_Pat_SIMAUTO_wt25$block$wtContent$CFID_B2C_SIM_Pat_SIMAUTO_wtfieldNIF$block$wtInput$CFID_B2C_SIM_Pat_SIMAUTO_wtnifStatus$block$wtInput$wttxtNif'][contains(@id,'wttxtNif')]</arg>
<arg>${NIF}</arg>
<doc>Types the given ``text`` into the text field identified by ``locator``.</doc>
<msg timestamp="20230612 00:18:01.951" level="INFO">Typing text '336551525' into text field 'xpath=//input[@name='CFID_B2C_SIM_Th_SIMAUTO_wt22$block$wtMainContent$CFID_B2C_SIM_Pat_SIMAUTO_wt92$block$wtCustomCardContent$CFID_B2C_SIM_Pat_SIMAUTO_wt25$block$wtContent$CFID_B2C_SIM_Pat_SIMAUTO_wtfieldNIF$block$wtInput$CFID_B2C_SIM_Pat_SIMAUTO_wtnifStatus$block$wtInput$wttxtNif'][contains(@id,'wttxtNif')]'.</msg>
<status status="PASS" starttime="20230612 00:18:01.950" endtime="20230612 00:18:02.009"/>
</kw>
<kw name="Capture Page Screenshot" library="SeleniumLibrary">
<arg>nif.png</arg>
<doc>Takes a screenshot of the current page and embeds it into a log file.</doc>
<msg timestamp="20230612 00:18:02.178" level="INFO" html="true">&lt;/td&gt;&lt;/tr&gt;&lt;tr&gt;&lt;td colspan="3"&gt;&lt;a href="nif.png"&gt;&lt;img src="nif.png" width="800px"&gt;&lt;/a&gt;</msg>
<status status="PASS" starttime="20230612 00:18:02.009" endtime="20230612 00:18:02.178"/>
</kw>
<kw name="Sleep" library="BuiltIn">
<arg>4s</arg>
<doc>Pauses the test executed for the given time.</doc>
<msg timestamp="20230612 00:18:06.179" level="INFO">Slept 4 seconds</msg>
<status status="PASS" starttime="20230612 00:18:02.178" endtime="20230612 00:18:06.180"/>
</kw>
<status status="PASS" starttime="20230612 00:18:01.950" endtime="20230612 00:18:06.180"/>
</kw>
<kw name="Clicar no botão CONTINUAR da page NOME e NIF" library="fidelidade_resources">
<kw name="Wait Until Element Is Visible" library="SeleniumLibrary">
<arg>locator=//input[@tabindex='3'][contains(@id,'wtbtnNext')]</arg>
<doc>Waits until the element ``locator`` is visible.</doc>
<status status="PASS" starttime="20230612 00:18:06.181" endtime="20230612 00:18:06.209"/>
</kw>
<kw name="Click Element" library="SeleniumLibrary">
<arg>xpath=//input[@id='CFID_B2C_SIM_Th_SIMAUTO_wt22_block_wtMainContent_wtbtnNext']</arg>
<doc>Click the element identified by ``locator``.</doc>
<msg timestamp="20230612 00:18:06.210" level="INFO">Clicking element 'xpath=//input[@id='CFID_B2C_SIM_Th_SIMAUTO_wt22_block_wtMainContent_wtbtnNext']'.</msg>
<status status="PASS" starttime="20230612 00:18:06.209" endtime="20230612 00:18:06.254"/>
</kw>
<kw name="Capture Page Screenshot" library="SeleniumLibrary">
<arg>CONTINUAR.png</arg>
<doc>Takes a screenshot of the current page and embeds it into a log file.</doc>
<msg timestamp="20230612 00:18:06.429" level="INFO" html="true">&lt;/td&gt;&lt;/tr&gt;&lt;tr&gt;&lt;td colspan="3"&gt;&lt;a href="CONTINUAR.png"&gt;&lt;img src="CONTINUAR.png" width="800px"&gt;&lt;/a&gt;</msg>
<status status="PASS" starttime="20230612 00:18:06.254" endtime="20230612 00:18:06.429"/>
</kw>
<status status="PASS" starttime="20230612 00:18:06.180" endtime="20230612 00:18:06.429"/>
</kw>
<kw name="Entrar com a Data de Nascimento &quot;${DATANASC}&quot;, Género &quot;${GENERO}&quot;, Data de Carta de Condução &quot;${DT_CARTA_CONDUCAO}&quot;, Código Postal &quot;${CODIGO_POSTAL}&quot;" library="fidelidade_resources" sourcename="Entrar com a Data de Nascimento &quot;${DATANASC}&quot;, Género &quot;${GENERO}&quot;, Data de Carta de Condução &quot;${DT_CARTA_CONDUCAO}&quot;, Código Postal &quot;${CODIGO_POSTAL}&quot;">
<kw name="Sleep" library="BuiltIn">
<arg>4s</arg>
<doc>Pauses the test executed for the given time.</doc>
<msg timestamp="20230612 00:18:10.431" level="INFO">Slept 4 seconds</msg>
<status status="PASS" starttime="20230612 00:18:06.429" endtime="20230612 00:18:10.432"/>
</kw>
<kw name="Input Text" library="SeleniumLibrary">
<arg>xpath=//input[@name='CFID_B2C_SIM_Th_SIMAUTO_wt8$block$wtMainContent$CFID_B2C_SIM_Pat_SIMAUTO_wt101$block$wtCustomCardContent$CFID_B2C_SIM_Pat_SIMAUTO_wtCardForm$block$wtContent$CFID_B2C_SIM_Pat_SIMAUTO_wtfieldDataNasc$block$wtInput$CFID_B2C_SIM_Pat_SIMAUTO_wt31$block$wtInput$wtDOBInput'][contains(@id,'wtDOBInput')]</arg>
<arg>text=${DATANASC}</arg>
<doc>Types the given ``text`` into the text field identified by ``locator``.</doc>
<msg timestamp="20230612 00:18:10.434" level="INFO">Typing text '11091969' into text field 'xpath=//input[@name='CFID_B2C_SIM_Th_SIMAUTO_wt8$block$wtMainContent$CFID_B2C_SIM_Pat_SIMAUTO_wt101$block$wtCustomCardContent$CFID_B2C_SIM_Pat_SIMAUTO_wtCardForm$block$wtContent$CFID_B2C_SIM_Pat_SIMAUTO_wtfieldDataNasc$block$wtInput$CFID_B2C_SIM_Pat_SIMAUTO_wt31$block$wtInput$wtDOBInput'][contains(@id,'wtDOBInput')]'.</msg>
<status status="PASS" starttime="20230612 00:18:10.432" endtime="20230612 00:18:10.498"/>
</kw>
<kw name="Capture Page Screenshot" library="SeleniumLibrary">
<arg>DATANASC.png</arg>
<doc>Takes a screenshot of the current page and embeds it into a log file.</doc>
<msg timestamp="20230612 00:18:10.674" level="INFO" html="true">&lt;/td&gt;&lt;/tr&gt;&lt;tr&gt;&lt;td colspan="3"&gt;&lt;a href="DATANASC.png"&gt;&lt;img src="DATANASC.png" width="800px"&gt;&lt;/a&gt;</msg>
<status status="PASS" starttime="20230612 00:18:10.498" endtime="20230612 00:18:10.674"/>
</kw>
<kw name="Sleep" library="BuiltIn">
<arg>4s</arg>
<doc>Pauses the test executed for the given time.</doc>
<msg timestamp="20230612 00:18:14.676" level="INFO">Slept 4 seconds</msg>
<status status="PASS" starttime="20230612 00:18:10.674" endtime="20230612 00:18:14.677"/>
</kw>
<kw name="Select From List By Label" library="SeleniumLibrary">
<arg>xpath=//select[@name='CFID_B2C_SIM_Th_SIMAUTO_wt8$block$wtMainContent$CFID_B2C_SIM_Pat_SIMAUTO_wt101$block$wtCustomCardContent$CFID_B2C_SIM_Pat_SIMAUTO_wtCardForm$block$wtContent$CFID_B2C_SIM_Pat_SIMAUTO_wtfieldGender$block$wtInput$CFID_B2C_SIM_Pat_SIMAUTO_wt2$block$wtInput$wtGenderCombo'][contains(@id,'wtGenderCombo')]</arg>
<arg>${GENERO}</arg>
<doc>Selects options from selection list ``locator`` by ``labels``.</doc>
<msg timestamp="20230612 00:18:14.679" level="INFO">Selecting options from selection list 'xpath=//select[@name='CFID_B2C_SIM_Th_SIMAUTO_wt8$block$wtMainContent$CFID_B2C_SIM_Pat_SIMAUTO_wt101$block$wtCustomCardContent$CFID_B2C_SIM_Pat_SIMAUTO_wtCardForm$block$wtContent$CFID_B2C_SIM_Pat_SIMAUTO_wtfieldGender$block$wtInput$CFID_B2C_SIM_Pat_SIMAUTO_wt2$block$wtInput$wtGenderCombo'][contains(@id,'wtGenderCombo')]' by label Masculino.</msg>
<status status="PASS" starttime="20230612 00:18:14.677" endtime="20230612 00:18:14.749"/>
</kw>
<kw name="Capture Page Screenshot" library="SeleniumLibrary">
<arg>GENERO.png</arg>
<doc>Takes a screenshot of the current page and embeds it into a log file.</doc>
<msg timestamp="20230612 00:18:14.918" level="INFO" html="true">&lt;/td&gt;&lt;/tr&gt;&lt;tr&gt;&lt;td colspan="3"&gt;&lt;a href="GENERO.png"&gt;&lt;img src="GENERO.png" width="800px"&gt;&lt;/a&gt;</msg>
<status status="PASS" starttime="20230612 00:18:14.749" endtime="20230612 00:18:14.918"/>
</kw>
<kw name="Sleep" library="BuiltIn">
<arg>4s</arg>
<doc>Pauses the test executed for the given time.</doc>
<msg timestamp="20230612 00:18:18.920" level="INFO">Slept 4 seconds</msg>
<status status="PASS" starttime="20230612 00:18:14.918" endtime="20230612 00:18:18.920"/>
</kw>
<kw name="Input Text" library="SeleniumLibrary">
<arg>xpath=//input[@name='CFID_B2C_SIM_Th_SIMAUTO_wt8$block$wtMainContent$CFID_B2C_SIM_Pat_SIMAUTO_wt101$block$wtCustomCardContent$CFID_B2C_SIM_Pat_SIMAUTO_wtCardForm$block$wtContent$CFID_B2C_SIM_Pat_SIMAUTO_wtfieldDataCarta$block$wtInput$CFID_B2C_SIM_Pat_SIMAUTO_wt59$block$wtInput$wtLicenseDateInput'][contains(@id,'wtLicenseDateInput')]</arg>
<arg>text=${DT_CARTA_CONDUCAO}</arg>
<doc>Types the given ``text`` into the text field identified by ``locator``.</doc>
<msg timestamp="20230612 00:18:18.922" level="INFO">Typing text '11091999' into text field 'xpath=//input[@name='CFID_B2C_SIM_Th_SIMAUTO_wt8$block$wtMainContent$CFID_B2C_SIM_Pat_SIMAUTO_wt101$block$wtCustomCardContent$CFID_B2C_SIM_Pat_SIMAUTO_wtCardForm$block$wtContent$CFID_B2C_SIM_Pat_SIMAUTO_wtfieldDataCarta$block$wtInput$CFID_B2C_SIM_Pat_SIMAUTO_wt59$block$wtInput$wtLicenseDateInput'][contains(@id,'wtLicenseDateInput')]'.</msg>
<status status="PASS" starttime="20230612 00:18:18.921" endtime="20230612 00:18:18.983"/>
</kw>
<kw name="Capture Page Screenshot" library="SeleniumLibrary">
<arg>DT_CARTA_CONDUCAO.png</arg>
<doc>Takes a screenshot of the current page and embeds it into a log file.</doc>
<msg timestamp="20230612 00:18:19.150" level="INFO" html="true">&lt;/td&gt;&lt;/tr&gt;&lt;tr&gt;&lt;td colspan="3"&gt;&lt;a href="DT_CARTA_CONDUCAO.png"&gt;&lt;img src="DT_CARTA_CONDUCAO.png" width="800px"&gt;&lt;/a&gt;</msg>
<status status="PASS" starttime="20230612 00:18:18.983" endtime="20230612 00:18:19.150"/>
</kw>
<kw name="Sleep" library="BuiltIn">
<arg>2s</arg>
<doc>Pauses the test executed for the given time.</doc>
<msg timestamp="20230612 00:18:21.152" level="INFO">Slept 2 seconds</msg>
<status status="PASS" starttime="20230612 00:18:19.150" endtime="20230612 00:18:21.152"/>
</kw>
<kw name="Input Text" library="SeleniumLibrary">
<arg>xpath=//input[@name='CFID_B2C_SIM_Th_SIMAUTO_wt8$block$wtMainContent$CFID_B2C_SIM_Pat_SIMAUTO_wt101$block$wtCustomCardContent$CFID_B2C_SIM_Pat_SIMAUTO_wtCardForm$block$wtContent$CFID_B2C_SIM_Pat_SIMAUTO_wtfieldCodPostal$block$wtInput$CFID_B2C_SIM_Pat_SIMAUTO_wt48$block$wtInput$wtPostalCodeInput'][contains(@id,'wtPostalCodeInput')]</arg>
<arg>text=${CODIGO_POSTAL}</arg>
<doc>Types the given ``text`` into the text field identified by ``locator``.</doc>
<msg timestamp="20230612 00:18:21.153" level="INFO">Typing text '1500012' into text field 'xpath=//input[@name='CFID_B2C_SIM_Th_SIMAUTO_wt8$block$wtMainContent$CFID_B2C_SIM_Pat_SIMAUTO_wt101$block$wtCustomCardContent$CFID_B2C_SIM_Pat_SIMAUTO_wtCardForm$block$wtContent$CFID_B2C_SIM_Pat_SIMAUTO_wtfieldCodPostal$block$wtInput$CFID_B2C_SIM_Pat_SIMAUTO_wt48$block$wtInput$wtPostalCodeInput'][contains(@id,'wtPostalCodeInput')]'.</msg>
<status status="PASS" starttime="20230612 00:18:21.152" endtime="20230612 00:18:21.213"/>
</kw>
<kw name="Capture Page Screenshot" library="SeleniumLibrary">
<arg>CODIGO_POSTAL.png</arg>
<doc>Takes a screenshot of the current page and embeds it into a log file.</doc>
<msg timestamp="20230612 00:18:21.400" level="INFO" html="true">&lt;/td&gt;&lt;/tr&gt;&lt;tr&gt;&lt;td colspan="3"&gt;&lt;a href="CODIGO_POSTAL.png"&gt;&lt;img src="CODIGO_POSTAL.png" width="800px"&gt;&lt;/a&gt;</msg>
<status status="PASS" starttime="20230612 00:18:21.213" endtime="20230612 00:18:21.400"/>
</kw>
<kw name="Sleep" library="BuiltIn">
<arg>2s</arg>
<doc>Pauses the test executed for the given time.</doc>
<msg timestamp="20230612 00:18:23.402" level="INFO">Slept 2 seconds</msg>
<status status="PASS" starttime="20230612 00:18:21.400" endtime="20230612 00:18:23.402"/>
</kw>
<kw name="Wait Until Element Is Visible" library="SeleniumLibrary">
<arg>locator=//input[@tabindex='5'][contains(@id,'wtNextButton')]</arg>
<doc>Waits until the element ``locator`` is visible.</doc>
<status status="PASS" starttime="20230612 00:18:23.403" endtime="20230612 00:18:23.434"/>
</kw>
<kw name="Click Element" library="SeleniumLibrary">
<arg>xpath=//input[@id='CFID_B2C_SIM_Th_SIMAUTO_wt8_block_wtMainContent_wtNextButton']</arg>
<doc>Click the element identified by ``locator``.</doc>
<msg timestamp="20230612 00:18:23.435" level="INFO">Clicking element 'xpath=//input[@id='CFID_B2C_SIM_Th_SIMAUTO_wt8_block_wtMainContent_wtNextButton']'.</msg>
<status status="PASS" starttime="20230612 00:18:23.435" endtime="20230612 00:18:23.490"/>
</kw>
<kw name="Capture Page Screenshot" library="SeleniumLibrary">
<arg>CONTINUAR22.png</arg>
<doc>Takes a screenshot of the current page and embeds it into a log file.</doc>
<msg timestamp="20230612 00:18:23.660" level="INFO" html="true">&lt;/td&gt;&lt;/tr&gt;&lt;tr&gt;&lt;td colspan="3"&gt;&lt;a href="CONTINUAR22.png"&gt;&lt;img src="CONTINUAR22.png" width="800px"&gt;&lt;/a&gt;</msg>
<status status="PASS" starttime="20230612 00:18:23.490" endtime="20230612 00:18:23.660"/>
</kw>
<kw name="Sleep" library="BuiltIn">
<arg>4s</arg>
<doc>Pauses the test executed for the given time.</doc>
<msg timestamp="20230612 00:18:27.662" level="INFO">Slept 4 seconds</msg>
<status status="PASS" starttime="20230612 00:18:23.660" endtime="20230612 00:18:27.663"/>
</kw>
<status status="PASS" starttime="20230612 00:18:06.429" endtime="20230612 00:18:27.663"/>
</kw>
<kw name="Clicar na opção &quot;CONTINUAR SEM AGENTE&quot;" library="fidelidade_resources">
<kw name="Wait Until Element Is Visible" library="SeleniumLibrary">
<arg>locator=//input[@type='submit'][contains(@id,'wtNextButton4')]</arg>
<doc>Waits until the element ``locator`` is visible.</doc>
<status status="PASS" starttime="20230612 00:18:27.664" endtime="20230612 00:18:27.689"/>
</kw>
<kw name="Click Element" library="SeleniumLibrary">
<arg>xpath=//input[@id='CFID_B2C_SIM_Th_SIMAUTO_wt8_block_wtMainContent_wtAgents_Sim_Auto_Web_Pat_wtConfirmModal_block_wtSecondaryButtons_wtNextButton4']</arg>
<doc>Click the element identified by ``locator``.</doc>
<msg timestamp="20230612 00:18:27.690" level="INFO">Clicking element 'xpath=//input[@id='CFID_B2C_SIM_Th_SIMAUTO_wt8_block_wtMainContent_wtAgents_Sim_Auto_Web_Pat_wtConfirmModal_block_wtSecondaryButtons_wtNextButton4']'.</msg>
<status status="PASS" starttime="20230612 00:18:27.689" endtime="20230612 00:18:27.735"/>
</kw>
<kw name="Capture Page Screenshot" library="SeleniumLibrary">
<arg>CONTINUAR-SEM-AGENTE.png</arg>
<doc>Takes a screenshot of the current page and embeds it into a log file.</doc>
<msg timestamp="20230612 00:18:27.936" level="INFO" html="true">&lt;/td&gt;&lt;/tr&gt;&lt;tr&gt;&lt;td colspan="3"&gt;&lt;a href="CONTINUAR-SEM-AGENTE.png"&gt;&lt;img src="CONTINUAR-SEM-AGENTE.png" width="800px"&gt;&lt;/a&gt;</msg>
<status status="PASS" starttime="20230612 00:18:27.735" endtime="20230612 00:18:27.936"/>
</kw>
<kw name="Sleep" library="BuiltIn">
<arg>5s</arg>
<doc>Pauses the test executed for the given time.</doc>
<msg timestamp="20230612 00:18:32.939" level="INFO">Slept 5 seconds</msg>
<status status="PASS" starttime="20230612 00:18:27.936" endtime="20230612 00:18:32.939"/>
</kw>
<status status="PASS" starttime="20230612 00:18:27.663" endtime="20230612 00:18:32.939"/>
</kw>
<kw name="Free Email" library="FakerLibrary">
<var>${email}</var>
<msg timestamp="20230612 00:18:32.941" level="INFO">${email} = rmorais@sapo.pt</msg>
<status status="PASS" starttime="20230612 00:18:32.940" endtime="20230612 00:18:32.941"/>
</kw>
<kw name="Entrar com o E-mail &quot;${email}&quot;, Telemovel &quot;${TELEMOVEL}&quot;, marcar &quot;${DADOS_PRIVACIDADE}&quot; para os dados e clicar no CONTINUAR" library="fidelidade_resources" sourcename="Entrar com o E-mail &quot;${email}&quot;, Telemovel &quot;${TELEMOVEL}&quot;, marcar &quot;${DADOS_PRIVACIDADE}&quot; para os dados e clicar no CONTINUAR">
<kw name="Sleep" library="BuiltIn">
<arg>4s</arg>
<doc>Pauses the test executed for the given time.</doc>
<msg timestamp="20230612 00:18:36.943" level="INFO">Slept 4 seconds</msg>
<status status="PASS" starttime="20230612 00:18:32.942" endtime="20230612 00:18:36.943"/>
</kw>
<kw name="Input Text" library="SeleniumLibrary">
<arg>xpath=//input[@name='CFID_B2C_SIM_Th_SIMAUTO_wt21$block$wtMainContent$CFID_B2C_SIM_Pat_SIMAUTO_wtCardContainer$block$wtCustomCardContent$CFID_B2C_SIM_Pat_SIMAUTO_wtCardForm$block$wtContent$CFID_B2C_SIM_Pat_SIMAUTO_wt7$block$wtInput$CFID_B2C_SIM_Pat_SIMAUTO_wt31$block$wtInput$wtPhoneInput'][contains(@id,'wtPhoneInput')]</arg>
<arg>text=${TELEMOVEL}</arg>
<doc>Types the given ``text`` into the text field identified by ``locator``.</doc>
<msg timestamp="20230612 00:18:36.945" level="INFO">Typing text '935010988' into text field 'xpath=//input[@name='CFID_B2C_SIM_Th_SIMAUTO_wt21$block$wtMainContent$CFID_B2C_SIM_Pat_SIMAUTO_wtCardContainer$block$wtCustomCardContent$CFID_B2C_SIM_Pat_SIMAUTO_wtCardForm$block$wtContent$CFID_B2C_SIM_Pat_SIMAUTO_wt7$block$wtInput$CFID_B2C_SIM_Pat_SIMAUTO_wt31$block$wtInput$wtPhoneInput'][contains(@id,'wtPhoneInput')]'.</msg>
<status status="PASS" starttime="20230612 00:18:36.944" endtime="20230612 00:18:37.007"/>
</kw>
<kw name="Capture Page Screenshot" library="SeleniumLibrary">
<arg>telemovel.png</arg>
<doc>Takes a screenshot of the current page and embeds it into a log file.</doc>
<msg timestamp="20230612 00:18:37.186" level="INFO" html="true">&lt;/td&gt;&lt;/tr&gt;&lt;tr&gt;&lt;td colspan="3"&gt;&lt;a href="telemovel.png"&gt;&lt;img src="telemovel.png" width="800px"&gt;&lt;/a&gt;</msg>
<status status="PASS" starttime="20230612 00:18:37.007" endtime="20230612 00:18:37.186"/>
</kw>
<kw name="Sleep" library="BuiltIn">
<arg>2s</arg>
<doc>Pauses the test executed for the given time.</doc>
<msg timestamp="20230612 00:18:39.187" level="INFO">Slept 2 seconds</msg>
<status status="PASS" starttime="20230612 00:18:37.186" endtime="20230612 00:18:39.187"/>
</kw>
<kw name="Free Email" library="FakerLibrary">
<var>${email}</var>
<msg timestamp="20230612 00:18:39.188" level="INFO">${email} = hcosta@gmail.com</msg>
<status status="PASS" starttime="20230612 00:18:39.187" endtime="20230612 00:18:39.188"/>
</kw>
<kw name="Input Text" library="SeleniumLibrary">
<arg>xpath=//input[@name='CFID_B2C_SIM_Th_SIMAUTO_wt21$block$wtMainContent$CFID_B2C_SIM_Pat_SIMAUTO_wtCardContainer$block$wtCustomCardContent$CFID_B2C_SIM_Pat_SIMAUTO_wtCardForm$block$wtContent$CFID_B2C_SIM_Pat_SIMAUTO_wt79$block$wtInput$CFID_B2C_SIM_Pat_SIMAUTO_wt13$block$wtInput$wtEmailInput'][contains(@id,'wtEmailInput')]</arg>
<arg>${email}</arg>
<doc>Types the given ``text`` into the text field identified by ``locator``.</doc>
<msg timestamp="20230612 00:18:39.189" level="INFO">Typing text 'hcosta@gmail.com' into text field 'xpath=//input[@name='CFID_B2C_SIM_Th_SIMAUTO_wt21$block$wtMainContent$CFID_B2C_SIM_Pat_SIMAUTO_wtCardContainer$block$wtCustomCardContent$CFID_B2C_SIM_Pat_SIMAUTO_wtCardForm$block$wtContent$CFID_B2C_SIM_Pat_SIMAUTO_wt79$block$wtInput$CFID_B2C_SIM_Pat_SIMAUTO_wt13$block$wtInput$wtEmailInput'][contains(@id,'wtEmailInput')]'.</msg>
<status status="PASS" starttime="20230612 00:18:39.188" endtime="20230612 00:18:39.254"/>
</kw>
<kw name="Capture Page Screenshot" library="SeleniumLibrary">
<arg>emailteste.png</arg>
<doc>Takes a screenshot of the current page and embeds it into a log file.</doc>
<msg timestamp="20230612 00:18:39.448" level="INFO" html="true">&lt;/td&gt;&lt;/tr&gt;&lt;tr&gt;&lt;td colspan="3"&gt;&lt;a href="emailteste.png"&gt;&lt;img src="emailteste.png" width="800px"&gt;&lt;/a&gt;</msg>
<status status="PASS" starttime="20230612 00:18:39.254" endtime="20230612 00:18:39.448"/>
</kw>
<kw name="Sleep" library="BuiltIn">
<arg>2s</arg>
<doc>Pauses the test executed for the given time.</doc>
<msg timestamp="20230612 00:18:41.449" level="INFO">Slept 2 seconds</msg>
<status status="PASS" starttime="20230612 00:18:39.449" endtime="20230612 00:18:41.449"/>
</kw>
<kw name="Click Element" library="SeleniumLibrary">
<arg>xpath=//span[@class='Bold'][contains(.,'Porque precisamos dos seus dados?')]</arg>
<doc>Click the element identified by ``locator``.</doc>
<msg timestamp="20230612 00:18:41.451" level="INFO">Clicking element 'xpath=//span[@class='Bold'][contains(.,'Porque precisamos dos seus dados?')]'.</msg>
<status status="PASS" starttime="20230612 00:18:41.450" endtime="20230612 00:18:41.513"/>
</kw>
<kw name="Capture Page Screenshot" library="SeleniumLibrary">
<arg>DADOS_PRIVACIDADE.png</arg>
<doc>Takes a screenshot of the current page and embeds it into a log file.</doc>
<msg timestamp="20230612 00:18:41.694" level="INFO" html="true">&lt;/td&gt;&lt;/tr&gt;&lt;tr&gt;&lt;td colspan="3"&gt;&lt;a href="DADOS_PRIVACIDADE.png"&gt;&lt;img src="DADOS_PRIVACIDADE.png" width="800px"&gt;&lt;/a&gt;</msg>
<status status="PASS" starttime="20230612 00:18:41.513" endtime="20230612 00:18:41.694"/>
</kw>
<kw name="Sleep" library="BuiltIn">
<arg>5s</arg>
<doc>Pauses the test executed for the given time.</doc>
<msg timestamp="20230612 00:18:46.695" level="INFO">Slept 5 seconds</msg>
<status status="PASS" starttime="20230612 00:18:41.694" endtime="20230612 00:18:46.696"/>
</kw>
<kw name="Select Checkbox" library="SeleniumLibrary">
<arg>xpath=//input[@type='checkbox'][contains(@id,'wtInputRGPD')]</arg>
<doc>Selects the checkbox identified by ``locator``.</doc>
<msg timestamp="20230612 00:18:46.697" level="INFO">Selecting checkbox 'xpath=//input[@type='checkbox'][contains(@id,'wtInputRGPD')]'.</msg>
<status status="PASS" starttime="20230612 00:18:46.696" endtime="20230612 00:18:46.771"/>
</kw>
<kw name="Capture Page Screenshot" library="SeleniumLibrary">
<arg>Checkbox.png</arg>
<doc>Takes a screenshot of the current page and embeds it into a log file.</doc>
<msg timestamp="20230612 00:18:46.938" level="INFO" html="true">&lt;/td&gt;&lt;/tr&gt;&lt;tr&gt;&lt;td colspan="3"&gt;&lt;a href="Checkbox.png"&gt;&lt;img src="Checkbox.png" width="800px"&gt;&lt;/a&gt;</msg>
<status status="PASS" starttime="20230612 00:18:46.771" endtime="20230612 00:18:46.938"/>
</kw>
<kw name="Sleep" library="BuiltIn">
<arg>5s</arg>
<doc>Pauses the test executed for the given time.</doc>
<msg timestamp="20230612 00:18:51.940" level="INFO">Slept 5 seconds</msg>
<status status="PASS" starttime="20230612 00:18:46.938" endtime="20230612 00:18:51.941"/>
</kw>
<kw name="Wait Until Element Is Visible" library="SeleniumLibrary">
<arg>locator=//input[@tabindex='3'][contains(@id,'wtNextButton')]</arg>
<doc>Waits until the element ``locator`` is visible.</doc>
<status status="PASS" starttime="20230612 00:18:51.941" endtime="20230612 00:18:51.965"/>
</kw>
<kw name="Click Element" library="SeleniumLibrary">
<arg>xpath=//input[@id='CFID_B2C_SIM_Th_SIMAUTO_wt21_block_wtMainContent_wtNextButton']</arg>
<doc>Click the element identified by ``locator``.</doc>
<msg timestamp="20230612 00:18:51.966" level="INFO">Clicking element 'xpath=//input[@id='CFID_B2C_SIM_Th_SIMAUTO_wt21_block_wtMainContent_wtNextButton']'.</msg>
<status status="PASS" starttime="20230612 00:18:51.965" endtime="20230612 00:18:52.013"/>
</kw>
<kw name="Capture Page Screenshot" library="SeleniumLibrary">
<arg>CONTINUAR-DADOS.png</arg>
<doc>Takes a screenshot of the current page and embeds it into a log file.</doc>
<msg timestamp="20230612 00:18:52.186" level="INFO" html="true">&lt;/td&gt;&lt;/tr&gt;&lt;tr&gt;&lt;td colspan="3"&gt;&lt;a href="CONTINUAR-DADOS.png"&gt;&lt;img src="CONTINUAR-DADOS.png" width="800px"&gt;&lt;/a&gt;</msg>
<status status="PASS" starttime="20230612 00:18:52.013" endtime="20230612 00:18:52.186"/>
</kw>
<kw name="Sleep" library="BuiltIn">
<arg>5s</arg>
<doc>Pauses the test executed for the given time.</doc>
<msg timestamp="20230612 00:18:57.188" level="INFO">Slept 5 seconds</msg>
<status status="PASS" starttime="20230612 00:18:52.186" endtime="20230612 00:18:57.188"/>
</kw>
<status status="PASS" starttime="20230612 00:18:32.941" endtime="20230612 00:18:57.189"/>
</kw>
<kw name="Clicar no button CONTINUE" library="fidelidade_resources">
<kw name="Sleep" library="BuiltIn">
<arg>3s</arg>
<doc>Pauses the test executed for the given time.</doc>
<msg timestamp="20230612 00:19:00.191" level="INFO">Slept 3 seconds</msg>
<status status="PASS" starttime="20230612 00:18:57.190" endtime="20230612 00:19:00.192"/>
</kw>
<kw name="Wait Until Element Is Visible" library="SeleniumLibrary">
<arg>locator=//input[@tabindex='1'][contains(@id,'wtNextButton')]</arg>
<doc>Waits until the element ``locator`` is visible.</doc>
<status status="PASS" starttime="20230612 00:19:00.192" endtime="20230612 00:19:00.217"/>
</kw>
<kw name="Click Element" library="SeleniumLibrary">
<arg>xpath=//input[@id='CFID_B2C_SIM_Th_SIMAUTO_wt27_block_wtMainContent_wtNextButton']</arg>
<doc>Click the element identified by ``locator``.</doc>
<msg timestamp="20230612 00:19:00.217" level="INFO">Clicking element 'xpath=//input[@id='CFID_B2C_SIM_Th_SIMAUTO_wt27_block_wtMainContent_wtNextButton']'.</msg>
<status status="PASS" starttime="20230612 00:19:00.217" endtime="20230612 00:19:00.265"/>
</kw>
<kw name="Capture Page Screenshot" library="SeleniumLibrary">
<arg>CONTINUAR14.png</arg>
<doc>Takes a screenshot of the current page and embeds it into a log file.</doc>
<msg timestamp="20230612 00:19:00.436" level="INFO" html="true">&lt;/td&gt;&lt;/tr&gt;&lt;tr&gt;&lt;td colspan="3"&gt;&lt;a href="CONTINUAR14.png"&gt;&lt;img src="CONTINUAR14.png" width="800px"&gt;&lt;/a&gt;</msg>
<status status="PASS" starttime="20230612 00:19:00.265" endtime="20230612 00:19:00.436"/>
</kw>
<kw name="Sleep" library="BuiltIn">
<arg>5s</arg>
<doc>Pauses the test executed for the given time.</doc>
<msg timestamp="20230612 00:19:05.438" level="INFO">Slept 5 seconds</msg>
<status status="PASS" starttime="20230612 00:19:00.436" endtime="20230612 00:19:05.438"/>
</kw>
<status status="PASS" starttime="20230612 00:18:57.189" endtime="20230612 00:19:05.439"/>
</kw>
<kw name="Escolher a versão do veículo, e clique no botão CONTINUAR" library="fidelidade_resources">
<kw name="Sleep" library="BuiltIn">
<arg>5s</arg>
<doc>Pauses the test executed for the given time.</doc>
<msg timestamp="20230612 00:19:10.441" level="INFO">Slept 5 seconds</msg>
<status status="PASS" starttime="20230612 00:19:05.440" endtime="20230612 00:19:10.441"/>
</kw>
<kw name="Select From List By Label" library="SeleniumLibrary">
<arg>xpath=//select[@name='CFID_B2C_SIM_Th_SIMAUTO_wt78$block$wtMainContent$CFID_B2C_SIM_Pat_SIMAUTO_wtInnerContainer$block$wtCustomCardContent$CFID_B2C_SIM_Pat_SIMAUTO_wtCardForm$block$wtContent$CFID_B2C_SIM_Pat_SIMAUTO_wtfieldVersion$block$wtInput$CFID_B2C_SIM_Pat_SIMAUTO_wt54$block$wtInput$wtVersionListCombo'][contains(@id,'wtVersionListCombo')]</arg>
<arg>Model 3 Long-Range Dual Motor (351Cv) - (4p) - (18-)</arg>
<doc>Selects options from selection list ``locator`` by ``labels``.</doc>
<msg timestamp="20230612 00:19:10.443" level="INFO">Selecting options from selection list 'xpath=//select[@name='CFID_B2C_SIM_Th_SIMAUTO_wt78$block$wtMainContent$CFID_B2C_SIM_Pat_SIMAUTO_wtInnerContainer$block$wtCustomCardContent$CFID_B2C_SIM_Pat_SIMAUTO_wtCardForm$block$wtContent$CFID_B2C_SIM_Pat_SIMAUTO_wtfieldVersion$block$wtInput$CFID_B2C_SIM_Pat_SIMAUTO_wt54$block$wtInput$wtVersionListCombo'][contains(@id,'wtVersionListCombo')]' by label Model 3 Long-Range Dual Motor (351Cv) - (4p) - (18-).</msg>
<status status="PASS" starttime="20230612 00:19:10.442" endtime="20230612 00:19:10.507"/>
</kw>
<kw name="Capture Page Screenshot" library="SeleniumLibrary">
<arg>versao-veiculo.png</arg>
<doc>Takes a screenshot of the current page and embeds it into a log file.</doc>
<msg timestamp="20230612 00:19:10.697" level="INFO" html="true">&lt;/td&gt;&lt;/tr&gt;&lt;tr&gt;&lt;td colspan="3"&gt;&lt;a href="versao-veiculo.png"&gt;&lt;img src="versao-veiculo.png" width="800px"&gt;&lt;/a&gt;</msg>
<status status="PASS" starttime="20230612 00:19:10.507" endtime="20230612 00:19:10.697"/>
</kw>
<kw name="Sleep" library="BuiltIn">
<arg>3s</arg>
<doc>Pauses the test executed for the given time.</doc>
<msg timestamp="20230612 00:19:13.700" level="INFO">Slept 3 seconds</msg>
<status status="PASS" starttime="20230612 00:19:10.697" endtime="20230612 00:19:13.700"/>
</kw>
<kw name="Wait Until Element Is Visible" library="SeleniumLibrary">
<arg>locator=//input[@tabindex='5'][contains(@id,'wtbtnContinuar')]</arg>
<doc>Waits until the element ``locator`` is visible.</doc>
<status status="PASS" starttime="20230612 00:19:13.701" endtime="20230612 00:19:13.728"/>
</kw>
<kw name="Click Element" library="SeleniumLibrary">
<arg>xpath=//input[@id='CFID_B2C_SIM_Th_SIMAUTO_wt78_block_wtMainContent_wtbtnContinuar']</arg>
<doc>Click the element identified by ``locator``.</doc>
<msg timestamp="20230612 00:19:13.728" level="INFO">Clicking element 'xpath=//input[@id='CFID_B2C_SIM_Th_SIMAUTO_wt78_block_wtMainContent_wtbtnContinuar']'.</msg>
<status status="PASS" starttime="20230612 00:19:13.728" endtime="20230612 00:19:13.776"/>
</kw>
<kw name="Capture Page Screenshot" library="SeleniumLibrary">
<arg>continuar222.png</arg>
<doc>Takes a screenshot of the current page and embeds it into a log file.</doc>
<msg timestamp="20230612 00:19:13.951" level="INFO" html="true">&lt;/td&gt;&lt;/tr&gt;&lt;tr&gt;&lt;td colspan="3"&gt;&lt;a href="continuar222.png"&gt;&lt;img src="continuar222.png" width="800px"&gt;&lt;/a&gt;</msg>
<status status="PASS" starttime="20230612 00:19:13.776" endtime="20230612 00:19:13.951"/>
</kw>
<kw name="Sleep" library="BuiltIn">
<arg>5s</arg>
<doc>Pauses the test executed for the given time.</doc>
<msg timestamp="20230612 00:19:18.952" level="INFO">Slept 5 seconds</msg>
<status status="PASS" starttime="20230612 00:19:13.951" endtime="20230612 00:19:18.952"/>
</kw>
<status status="PASS" starttime="20230612 00:19:05.439" endtime="20230612 00:19:18.952"/>
</kw>
<kw name="Clicar na opção &quot;Não&quot;, para Seguro extra" library="fidelidade_resources">
<kw name="Sleep" library="BuiltIn">
<arg>3s</arg>
<doc>Pauses the test executed for the given time.</doc>
<msg timestamp="20230612 00:19:21.955" level="INFO">Slept 3 seconds</msg>
<status status="PASS" starttime="20230612 00:19:18.954" endtime="20230612 00:19:21.955"/>
</kw>
<kw name="Click Element" library="SeleniumLibrary">
<arg>id=CFID_B2C_SIM_Th_SIMAUTO_wt94_block_wtMainContent_CFID_B2C_SIM_Pat_SIMAUTO_wt52_block_wtCustomCardContent_CFID_B2C_SIM_Pat_SIMAUTO_wtCardForm_block_wtContent_CFID_B2C_SIM_Pat_SIMAUTO_wt101_block_wtInput_CFID_B2C_SIM_Pat_SIMAUTO_wt89_block_wtInput_WebPatterns_wt71_block_wtColumn2_Sim_Auto_Web_Pat_wt35_block_wtRadio_wt116</arg>
<doc>Click the element identified by ``locator``.</doc>
<msg timestamp="20230612 00:19:21.958" level="INFO">Clicking element 'id=CFID_B2C_SIM_Th_SIMAUTO_wt94_block_wtMainContent_CFID_B2C_SIM_Pat_SIMAUTO_wt52_block_wtCustomCardContent_CFID_B2C_SIM_Pat_SIMAUTO_wtCardForm_block_wtContent_CFID_B2C_SIM_Pat_SIMAUTO_wt101_block_wtInput_CFID_B2C_SIM_Pat_SIMAUTO_wt89_block_wtInput_WebPatterns_wt71_block_wtColumn2_Sim_Auto_Web_Pat_wt35_block_wtRadio_wt116'.</msg>
<status status="PASS" starttime="20230612 00:19:21.956" endtime="20230612 00:19:22.033"/>
</kw>
<kw name="Capture Page Screenshot" library="SeleniumLibrary">
<arg>Seguro-extra.png</arg>
<doc>Takes a screenshot of the current page and embeds it into a log file.</doc>
<msg timestamp="20230612 00:19:22.197" level="INFO" html="true">&lt;/td&gt;&lt;/tr&gt;&lt;tr&gt;&lt;td colspan="3"&gt;&lt;a href="Seguro-extra.png"&gt;&lt;img src="Seguro-extra.png" width="800px"&gt;&lt;/a&gt;</msg>
<status status="PASS" starttime="20230612 00:19:22.033" endtime="20230612 00:19:22.197"/>
</kw>
<status status="PASS" starttime="20230612 00:19:18.953" endtime="20230612 00:19:22.197"/>
</kw>
<kw name="Clicar na opção &quot;Não&quot;, para Reboque e Atrelado" library="fidelidade_resources">
<kw name="Sleep" library="BuiltIn">
<arg>5s</arg>
<doc>Pauses the test executed for the given time.</doc>
<msg timestamp="20230612 00:19:27.198" level="INFO">Slept 5 seconds</msg>
<status status="PASS" starttime="20230612 00:19:22.197" endtime="20230612 00:19:27.198"/>
</kw>
<kw name="Click Element" library="SeleniumLibrary">
<arg>id=CFID_B2C_SIM_Th_SIMAUTO_wt94_block_wtMainContent_CFID_B2C_SIM_Pat_SIMAUTO_wt52_block_wtCustomCardContent_CFID_B2C_SIM_Pat_SIMAUTO_wtCardForm_block_wtContent_CFID_B2C_SIM_Pat_SIMAUTO_wt16_block_wtInput_CFID_B2C_SIM_Pat_SIMAUTO_wt7_block_wtInput_WebPatterns_wt31_block_wtColumn2_Sim_Auto_Web_Pat_wt112_block_wtRadio_wt104</arg>
<doc>Click the element identified by ``locator``.</doc>
<msg timestamp="20230612 00:19:27.201" level="INFO">Clicking element 'id=CFID_B2C_SIM_Th_SIMAUTO_wt94_block_wtMainContent_CFID_B2C_SIM_Pat_SIMAUTO_wt52_block_wtCustomCardContent_CFID_B2C_SIM_Pat_SIMAUTO_wtCardForm_block_wtContent_CFID_B2C_SIM_Pat_SIMAUTO_wt16_block_wtInput_CFID_B2C_SIM_Pat_SIMAUTO_wt7_block_wtInput_WebPatterns_wt31_block_wtColumn2_Sim_Auto_Web_Pat_wt112_block_wtRadio_wt104'.</msg>
<status status="PASS" starttime="20230612 00:19:27.199" endtime="20230612 00:19:27.262"/>
</kw>
<kw name="Capture Page Screenshot" library="SeleniumLibrary">
<arg>Reboque-Atrelado.png</arg>
<doc>Takes a screenshot of the current page and embeds it into a log file.</doc>
<msg timestamp="20230612 00:19:27.439" level="INFO" html="true">&lt;/td&gt;&lt;/tr&gt;&lt;tr&gt;&lt;td colspan="3"&gt;&lt;a href="Reboque-Atrelado.png"&gt;&lt;img src="Reboque-Atrelado.png" width="800px"&gt;&lt;/a&gt;</msg>
<status status="PASS" starttime="20230612 00:19:27.262" endtime="20230612 00:19:27.439"/>
</kw>
<status status="PASS" starttime="20230612 00:19:22.197" endtime="20230612 00:19:27.440"/>
</kw>
<kw name="Clicar na opção CONTINUAR" library="fidelidade_resources">
<kw name="Sleep" library="BuiltIn">
<arg>3s</arg>
<doc>Pauses the test executed for the given time.</doc>
<msg timestamp="20230612 00:19:30.442" level="INFO">Slept 3 seconds</msg>
<status status="PASS" starttime="20230612 00:19:27.440" endtime="20230612 00:19:30.442"/>
</kw>
<kw name="Wait Until Element Is Visible" library="SeleniumLibrary">
<arg>locator=//input[@tabindex='5'][contains(@id,'wtbtnNext')]</arg>
<doc>Waits until the element ``locator`` is visible.</doc>
<status status="PASS" starttime="20230612 00:19:30.442" endtime="20230612 00:19:30.467"/>
</kw>
<kw name="Click Element" library="SeleniumLibrary">
<arg>xpath=//input[@id='CFID_B2C_SIM_Th_SIMAUTO_wt94_block_wtMainContent_wtbtnNext']</arg>
<doc>Click the element identified by ``locator``.</doc>
<msg timestamp="20230612 00:19:30.467" level="INFO">Clicking element 'xpath=//input[@id='CFID_B2C_SIM_Th_SIMAUTO_wt94_block_wtMainContent_wtbtnNext']'.</msg>
<status status="PASS" starttime="20230612 00:19:30.467" endtime="20230612 00:19:30.505"/>
</kw>
<kw name="Capture Page Screenshot" library="SeleniumLibrary">
<arg>CONTINUAR23.png</arg>
<doc>Takes a screenshot of the current page and embeds it into a log file.</doc>
<msg timestamp="20230612 00:19:30.679" level="INFO" html="true">&lt;/td&gt;&lt;/tr&gt;&lt;tr&gt;&lt;td colspan="3"&gt;&lt;a href="CONTINUAR23.png"&gt;&lt;img src="CONTINUAR23.png" width="800px"&gt;&lt;/a&gt;</msg>
<status status="PASS" starttime="20230612 00:19:30.505" endtime="20230612 00:19:30.679"/>
</kw>
<status status="PASS" starttime="20230612 00:19:27.440" endtime="20230612 00:19:30.679"/>
</kw>
<kw name="Clicar na opção &quot;Fins particulares&quot;, para Uso do veículo e em CONTINUAR" library="fidelidade_resources">
<kw name="Sleep" library="BuiltIn">
<arg>3s</arg>
<doc>Pauses the test executed for the given time.</doc>
<msg timestamp="20230612 00:19:33.681" level="INFO">Slept 3 seconds</msg>
<status status="PASS" starttime="20230612 00:19:30.679" endtime="20230612 00:19:33.681"/>
</kw>
<kw name="Click Element" library="SeleniumLibrary">
<arg>id=CFID_B2C_SIM_Th_SIMAUTO_wt47_block_wtMainContent_CFID_B2C_SIM_Pat_SIMAUTO_wt6_block_wtCustomCardContent_CFID_B2C_SIM_Pat_SIMAUTO_wtCardForm_block_wtContent_CFID_B2C_SIM_Pat_SIMAUTO_wt43_block_wtInput_CFID_B2C_SIM_Pat_SIMAUTO_wt56_block_wtInput_WebPatterns_wt67_block_wtColumn1_Sim_Auto_Web_Pat_wt68_block_wtRadio_wtcbProfUse</arg>
<doc>Click the element identified by ``locator``.</doc>
<msg timestamp="20230612 00:19:33.683" level="INFO">Clicking element 'id=CFID_B2C_SIM_Th_SIMAUTO_wt47_block_wtMainContent_CFID_B2C_SIM_Pat_SIMAUTO_wt6_block_wtCustomCardContent_CFID_B2C_SIM_Pat_SIMAUTO_wtCardForm_block_wtContent_CFID_B2C_SIM_Pat_SIMAUTO_wt43_block_wtInput_CFID_B2C_SIM_Pat_SIMAUTO_wt56_block_wtInput_WebPatterns_wt67_block_wtColumn1_Sim_Auto_Web_Pat_wt68_block_wtRadio_wtcbProfUse'.</msg>
<status status="PASS" starttime="20230612 00:19:33.682" endtime="20230612 00:19:33.744"/>
</kw>
<kw name="Capture Page Screenshot" library="SeleniumLibrary">
<arg>Fins-particulares.png</arg>
<doc>Takes a screenshot of the current page and embeds it into a log file.</doc>
<msg timestamp="20230612 00:19:33.917" level="INFO" html="true">&lt;/td&gt;&lt;/tr&gt;&lt;tr&gt;&lt;td colspan="3"&gt;&lt;a href="Fins-particulares.png"&gt;&lt;img src="Fins-particulares.png" width="800px"&gt;&lt;/a&gt;</msg>
<status status="PASS" starttime="20230612 00:19:33.744" endtime="20230612 00:19:33.917"/>
</kw>
<kw name="Sleep" library="BuiltIn">
<arg>1s</arg>
<doc>Pauses the test executed for the given time.</doc>
<msg timestamp="20230612 00:19:34.918" level="INFO">Slept 1 second</msg>
<status status="PASS" starttime="20230612 00:19:33.917" endtime="20230612 00:19:34.919"/>
</kw>
<kw name="Wait Until Element Is Visible" library="SeleniumLibrary">
<arg>locator=//input[@type='submit'][contains(@id,'wtbtnNext')]</arg>
<doc>Waits until the element ``locator`` is visible.</doc>
<status status="PASS" starttime="20230612 00:19:34.919" endtime="20230612 00:19:34.946"/>
</kw>
<kw name="Click Element" library="SeleniumLibrary">
<arg>xpath=//input[@id='CFID_B2C_SIM_Th_SIMAUTO_wt47_block_wtMainContent_wtbtnNext']</arg>
<doc>Click the element identified by ``locator``.</doc>
<msg timestamp="20230612 00:19:34.946" level="INFO">Clicking element 'xpath=//input[@id='CFID_B2C_SIM_Th_SIMAUTO_wt47_block_wtMainContent_wtbtnNext']'.</msg>
<status status="PASS" starttime="20230612 00:19:34.946" endtime="20230612 00:19:34.988"/>
</kw>
<kw name="Capture Page Screenshot" library="SeleniumLibrary">
<arg>CONTINUAR24.png</arg>
<doc>Takes a screenshot of the current page and embeds it into a log file.</doc>
<msg timestamp="20230612 00:19:35.152" level="INFO" html="true">&lt;/td&gt;&lt;/tr&gt;&lt;tr&gt;&lt;td colspan="3"&gt;&lt;a href="CONTINUAR24.png"&gt;&lt;img src="CONTINUAR24.png" width="800px"&gt;&lt;/a&gt;</msg>
<status status="PASS" starttime="20230612 00:19:34.988" endtime="20230612 00:19:35.152"/>
</kw>
<status status="PASS" starttime="20230612 00:19:30.679" endtime="20230612 00:19:35.152"/>
</kw>
<kw name="Clicar em CONTINUAR, para a opção &quot;Não tenho seguro&quot;" library="fidelidade_resources">
<kw name="Sleep" library="BuiltIn">
<arg>5s</arg>
<doc>Pauses the test executed for the given time.</doc>
<msg timestamp="20230612 00:19:40.154" level="INFO">Slept 5 seconds</msg>
<status status="PASS" starttime="20230612 00:19:35.152" endtime="20230612 00:19:40.154"/>
</kw>
<kw name="Wait Until Element Is Visible" library="SeleniumLibrary">
<arg>locator=//input[@type='submit'][contains(@id,'wtbtnNext')]</arg>
<doc>Waits until the element ``locator`` is visible.</doc>
<status status="PASS" starttime="20230612 00:19:40.154" endtime="20230612 00:19:40.171"/>
</kw>
<kw name="Click Element" library="SeleniumLibrary">
<arg>xpath=//input[@id='CFID_B2C_SIM_Th_SIMAUTO_wt48_block_wtMainContent_wtbtnNext']</arg>
<doc>Click the element identified by ``locator``.</doc>
<msg timestamp="20230612 00:19:40.171" level="INFO">Clicking element 'xpath=//input[@id='CFID_B2C_SIM_Th_SIMAUTO_wt48_block_wtMainContent_wtbtnNext']'.</msg>
<status status="PASS" starttime="20230612 00:19:40.171" endtime="20230612 00:19:40.214"/>
</kw>
<kw name="Capture Page Screenshot" library="SeleniumLibrary">
<arg>NAO-TEM-SEGURO.png</arg>
<doc>Takes a screenshot of the current page and embeds it into a log file.</doc>
<msg timestamp="20230612 00:19:40.387" level="INFO" html="true">&lt;/td&gt;&lt;/tr&gt;&lt;tr&gt;&lt;td colspan="3"&gt;&lt;a href="NAO-TEM-SEGURO.png"&gt;&lt;img src="NAO-TEM-SEGURO.png" width="800px"&gt;&lt;/a&gt;</msg>
<status status="PASS" starttime="20230612 00:19:40.214" endtime="20230612 00:19:40.387"/>
</kw>
<status status="PASS" starttime="20230612 00:19:35.152" endtime="20230612 00:19:40.387"/>
</kw>
<kw name="Clicar em CONTINUAR, para ja temos uma proposta para o seu veículo" library="fidelidade_resources">
<kw name="Sleep" library="BuiltIn">
<arg>5s</arg>
<doc>Pauses the test executed for the given time.</doc>
<msg timestamp="20230612 00:19:45.389" level="INFO">Slept 5 seconds</msg>
<status status="PASS" starttime="20230612 00:19:40.387" endtime="20230612 00:19:45.389"/>
</kw>
<kw name="Wait Until Element Is Visible" library="SeleniumLibrary">
<arg>locator=//input[@tabindex='2'][contains(@id,'wtbtnNext')]</arg>
<doc>Waits until the element ``locator`` is visible.</doc>
<status status="PASS" starttime="20230612 00:19:45.390" endtime="20230612 00:19:45.418"/>
</kw>
<kw name="Click Element" library="SeleniumLibrary">
<arg>xpath=//input[@id='CFID_B2C_SIM_Th_SIMAUTO_wt29_block_wtMainContent_wtbtnNext']</arg>
<doc>Click the element identified by ``locator``.</doc>
<msg timestamp="20230612 00:19:45.419" level="INFO">Clicking element 'xpath=//input[@id='CFID_B2C_SIM_Th_SIMAUTO_wt29_block_wtMainContent_wtbtnNext']'.</msg>
<status status="PASS" starttime="20230612 00:19:45.418" endtime="20230612 00:19:45.463"/>
</kw>
<kw name="Capture Page Screenshot" library="SeleniumLibrary">
<arg>PROPOSTA-VEICULO.png</arg>
<doc>Takes a screenshot of the current page and embeds it into a log file.</doc>
<msg timestamp="20230612 00:19:45.629" level="INFO" html="true">&lt;/td&gt;&lt;/tr&gt;&lt;tr&gt;&lt;td colspan="3"&gt;&lt;a href="PROPOSTA-VEICULO.png"&gt;&lt;img src="PROPOSTA-VEICULO.png" width="800px"&gt;&lt;/a&gt;</msg>
<status status="PASS" starttime="20230612 00:19:45.463" endtime="20230612 00:19:45.629"/>
</kw>
<status status="PASS" starttime="20230612 00:19:40.387" endtime="20230612 00:19:45.629"/>
</kw>
<kw name="Validar que foi exibido uma cotação de seguro AUTO" library="fidelidade_resources">
<kw name="Sleep" library="BuiltIn">
<arg>5s</arg>
<doc>Pauses the test executed for the given time.</doc>
<msg timestamp="20230612 00:19:50.630" level="INFO">Slept 5 seconds</msg>
<status status="PASS" starttime="20230612 00:19:45.630" endtime="20230612 00:19:50.630"/>
</kw>
<kw name="Capture Page Screenshot" library="SeleniumLibrary">
<arg>proposta_seguro_recomendado.png</arg>
<doc>Takes a screenshot of the current page and embeds it into a log file.</doc>
<msg timestamp="20230612 00:19:50.831" level="INFO" html="true">&lt;/td&gt;&lt;/tr&gt;&lt;tr&gt;&lt;td colspan="3"&gt;&lt;a href="proposta_seguro_recomendado.png"&gt;&lt;img src="proposta_seguro_recomendado.png" width="800px"&gt;&lt;/a&gt;</msg>
<status status="PASS" starttime="20230612 00:19:50.631" endtime="20230612 00:19:50.831"/>
</kw>
<status status="PASS" starttime="20230612 00:19:45.629" endtime="20230612 00:19:50.831"/>
</kw>
<kw name="Fechar o navegador" library="fidelidade_resources" type="TEARDOWN">
<kw name="Capture Page Screenshot" library="SeleniumLibrary">
<doc>Takes a screenshot of the current page and embeds it into a log file.</doc>
<msg timestamp="20230612 00:19:50.990" level="INFO" html="true">&lt;/td&gt;&lt;/tr&gt;&lt;tr&gt;&lt;td colspan="3"&gt;&lt;a href="selenium-screenshot-95.png"&gt;&lt;img src="selenium-screenshot-95.png" width="800px"&gt;&lt;/a&gt;</msg>
<status status="PASS" starttime="20230612 00:19:50.831" endtime="20230612 00:19:50.990"/>
</kw>
<kw name="Close Browser" library="SeleniumLibrary">
<doc>Closes the current browser.</doc>
<status status="PASS" starttime="20230612 00:19:50.990" endtime="20230612 00:19:51.124"/>
</kw>
<status status="PASS" starttime="20230612 00:19:50.831" endtime="20230612 00:19:51.124"/>
</kw>
<doc>Esse teste solicita uma cotação no menu particulares do site da Fidelidade.com.br
e visualiza o retorno dessa cotação</doc>
<tag>categorias</tag>
<tag>menus</tag>
<status status="PASS" starttime="20230612 00:17:35.453" endtime="20230612 00:19:51.124"/>
</test>
<doc>Essa suíte testa o site da Fidelidade.com.br</doc>
<status status="PASS" starttime="20230612 00:17:35.199" endtime="20230612 00:19:51.124"/>
</suite>
<statistics>
<total>
<stat pass="1" fail="0" skip="0">All Tests</stat>
</total>
<tag>
<stat pass="1" fail="0" skip="0">categorias</stat>
<stat pass="1" fail="0" skip="0">menus</stat>
</tag>
<suite>
<stat pass="1" fail="0" skip="0" id="s1" name="Fidelidade Testes">Fidelidade Testes</stat>
</suite>
</statistics>
<errors>
<msg timestamp="20230612 00:17:35.453" level="WARN">Imported resource file '/Users/josephsantos/Desktop/projetos/fidelidade/settings.robot' is empty.</msg>
</errors>
</robot>
